make.exe all --print-data-base --no-builtin-variables --no-builtin-rules --question
# GNU Make 4.3
# Built for x86_64-pc-cygwin
 
# Copyright (C) 1988-2020 Free Software Foundation, Inc.
# License GPLv3+: GNU GPL version 3 or later <http://gnu.org/licenses/gpl.html>
# This is free software: you are free to change and redistribute it.
# There is NO WARRANTY, to the extent permitted by law.
 

# Make data base, printed on Sat Sep 18 19:11:10 2021

# Variables
 

# environment
SYSTEMDRIVE = C:
# environment
LC_ALL = C
# environment
USERPROFILE = C:\Users\User
# environment
VBOX_MSI_INSTALL_PATH = C:\Program Files\Oracle\VirtualBox\
# environment
LOCALAPPDATA = C:\Users\User\AppData\Local
# environment
VSCODE_IPC_HOOK_EXTHOST = \\.\pipe\vscode-ipc-d1060285-5bac-4448-a37e-ce8257ff1e3e-sock
# environment
VSCODE_CWD = C:\Users\User\AppData\Local\Programs\Microsoft VS Code
# environment
SYSTEMROOT = C:\WINDOWS
# environment
PROCESSOR_LEVEL = 6
# environment
PSMODULEPATH = C:\Program Files\WindowsPowerShell\Modules;C:\WINDOWS\system32\WindowsPowerShell\v1.0\Modules
# default
MAKE_COMMAND := make
# automatic
@D = $(patsubst %/,%,$(dir $@))
# environment
CHROME_CRASHPAD_PIPE_NAME = \\.\pipe\crashpad_13004_DKILKEPUDXMOKVTS
# environment
VSCODE_HANDLES_UNCAUGHT_ERRORS = true
# default
.VARIABLES := 
# automatic
%D = $(patsubst %/,%,$(dir $%))
# automatic
^D = $(patsubst %/,%,$(dir $^))
# environment
VSCODE_LOG_STACK = false
# automatic
%F = $(notdir $%)
# environment
VSCODE_CODE_CACHE_PATH = C:\Users\User\AppData\Roaming\Code\CachedData\83bd43bc519d15e50c4272c6cf5c1479df196a4d
# environment
LANG = C
# default
.LOADED := 
# environment
TMP = /cygdrive/c/Users/User/AppData/Local/Temp
# default
.INCLUDE_DIRS = /usr/include /usr/include
# makefile
MAKEFLAGS = pqrR
# environment
ONEDRIVE = C:\Users\User\OneDrive
# makefile
CURDIR := /cygdrive/c/Users/User/Desktop/hosa
# environment
VSCODE_PIPE_LOGGING = true
# environment
APPLICATION_INSIGHTS_NO_DIAGNOSTIC_CHANNEL = true
# automatic
*D = $(patsubst %/,%,$(dir $*))
# environment
PROGRAMFILES = C:\Program Files
# environment
MFLAGS = -pqrR
# default
.SHELLFLAGS := -c
# environment
!C: = c:\Users\User\Desktop\hosa
# environment
COMMONPROGRAMW6432 = C:\Program Files\Common Files
# automatic
+D = $(patsubst %/,%,$(dir $+))
# makefile (from 'Makefile', line 1)
MAKEFILE_LIST := Makefile
# automatic
@F = $(notdir $@)
# environment
VSCODE_VERBOSE_LOGGING = true
# environment
VSCODE_PID = 13004
# automatic
?D = $(patsubst %/,%,$(dir $?))
# automatic
*F = $(notdir $*)
# automatic
<D = $(patsubst %/,%,$(dir $<))
# environment
VSCODE_NLS_CONFIG = {"locale":"en-us","availableLanguages":{},"_languagePackSupport":true}
# environment
ONEDRIVECONSUMER = C:\Users\User\OneDrive
# default
MAKE_HOST := x86_64-pc-cygwin
# environment
PROGRAMDATA = C:\ProgramData
# default
SHELL := /bin/sh
# environment
HOMEPATH = \Users\User
# default
MAKECMDGOALS := all
# environment
DRIVERDATA = C:\Windows\System32\Drivers\DriverData
# environment
 
COMSPEC = C:\WINDOWS\system32\cmd.exe
# environment
WINDIR = C:\WINDOWS
# environment
MAKELEVEL := 0
# default
MAKE = $(MAKE_COMMAND)
# environment
PATH = /cygdrive/c/WINDOWS/system32:/cygdrive/c/WINDOWS:/cygdrive/c/WINDOWS/System32/Wbem:/cygdrive/c/WINDOWS/System32/WindowsPowerShell/v1.0:/cygdrive/c/WINDOWS/System32/OpenSSH:/cygdrive/c/Program Files (x86)/MATLAB704/bin/win32:/cygdrive/c/Program Files/MATLAB/R2017a/runtime/win64:/cygdrive/c/Program Files/MATLAB/R2017a/bin:/cygdrive/c/Program Files/Git/cmd:/cygdrive/c/Program Files (x86)/mingw-w64/i686-8.1.0-posix-dwarf-rt_v6-rev0/mingw32/bin:/usr/bin:/cygdrive/c/ST/STM32CubeIDE_1.7.0/STM32CubeIDE/plugins/com.st.stm32cube.ide.mcu.externaltools.gnu-tools-for-stm32.9-2020-q2-update.win32_2.0.0.202105311346/tools/bin:/cygdrive/c/Program Files (x86)/GNU Arm Embedded Toolchain/10 2021.07/bin:/cygdrive/c/xpack-qemu-arm-2.8.0-12/bin:/cygdrive/c/Program Files (x86)/GNU Arm Embedded Toolchain/10 2021.07/bin:/cygdrive/c/Users/User/AppData/Local/Programs/Python/Python39/Scripts:/cygdrive/c/Users/User/AppData/Local/Programs/Python/Python39:/cygdrive/c/Users/User/AppData/Local/Microsoft/WindowsApps:/cygdrive/c/Program Files/mingw-w64/x86_64-8.1.0-posix-seh-rt_v6-rev0/mingw64/bin:/cygdrive/c/Users/User/AppData/Local/Programs/Microsoft VS Code/bin
# environment
COMPUTERNAME = DESKTOP-R8UM0U4
# default
MAKEFILES := 
# automatic
^F = $(notdir $^)
# environment
PROMPT = $P$G
# environment
AVR32_HOME = C:\WinAVR-20100110
# environment
LOGONSERVER = \\DESKTOP-R8UM0U4
# environment
VSCODE_LOG_NATIVE = false
# environment
USERNAME = User
# makefile (from 'Makefile', line 2)
MACH = cortex-m4
# environment
COMMONPROGRAMFILES = C:\Program Files\Common Files
# automatic
?F = $(notdir $?)
# environment
PROGRAMW6432 = C:\Program Files
# environment
PATHEXT = .COM;.EXE;.BAT;.CMD;.VBS;.VBE;.JS;.JSE;.WSF;.WSH;.MSC
# automatic
+F = $(notdir $+)
# environment
ORIGINAL_XDG_CURRENT_DESKTOP = undefined
# environment
USERDOMAIN = DESKTOP-R8UM0U4
# 'override' directive
GNUMAKEFLAGS := 
# environment
OS = Windows_NT
# makefile
.DEFAULT_GOAL := all
# default
MAKE_VERSION := 4.3
# environment
PROGRAMFILES(X86) = C:\Program Files (x86)
# makefile (from 'Makefile', line 4)
LDFLAGS = -nostdlib -T stm32_ls.ld
# environment
VIVOUPDATE = C:\Users\User\Desktop\platform-tools_r29.0.5-windows.zip
# environment
USERDOMAIN_ROAMINGPROFILE = DESKTOP-R8UM0U4
# environment
NUMBER_OF_PROCESSORS = 8
# environment
PUBLIC = C:\Users\Public
# environment
APPDATA = C:\Users\User\AppData\Roaming
# makefile (from 'Makefile', line 3)
CFLAGS = -c -mcpu=$(MACH) -mthumb  -O0
# environment
HOMEDRIVE = C:
# environment
PROCESSOR_ARCHITECTURE = AMD64
# environment
VSCODE_AMD_ENTRYPOINT = vs/workbench/services/extensions/node/extensionHostProcess
# environment
HOME = /home/User
# environment
COMMONPROGRAMFILES(X86) = C:\Program Files (x86)\Common Files
# environment
ELECTRON_RUN_AS_NODE = 1
# environment
TEMP = /cygdrive/c/Users/User/AppData/Local/Temp
# environment
VSCODE_IPC_HOOK = \\.\pipe\ddf78b73f802b4b105ac4da8ec09dfcf-1.60.1-main-sock
# environment
TERM = xterm-256color
# default
.RECIPEPREFIX := 
# automatic
<F = $(notdir $<)
# default
SUFFIXES := 
# environment
ALLUSERSPROFILE = C:\ProgramData
# environment
SESSIONNAME = Console
 
# default
.FEATURES := target-specific order-only second-expansion else-if shortest-stem undefine oneshell nocomment grouped-target extra-prereqs archives jobserver output-sync check-symlink guile load
# environment
PROCESSOR_REVISION = 8e0a
# makefile (from 'Makefile', line 1)
CC = arm-none-eabi-gcc
# environment
PROCESSOR_IDENTIFIER = Intel64 Family 6 Model 142 Stepping 10, GenuineIntel
# variable set hash-table stats:
# Load=102/1024=10%, Rehash=0, Collisions=13/129=10%

# Pattern-specific Variable Values

# No pattern-specific variable values.

# Directories

# . (device 2024043088, inode 281474978156277): 15 files, no impossibilities.

# 15 files, no impossibilities in 1 directories.

# Implicit Rules

# No implicit rules.

# Files

stm32f407xx_gpio_driver.o: stm32f407xx_gpio_driver.c
#  Implicit rule search has not been done.
#  Last modified 2021-09-18 00:00:26.8414572
#  File has been updated.
#  Successfully updated.
#  recipe to execute (from 'Makefile', line 10):
	$(CC) $(CFLAGS) -o $@ $^

# Not a target:
Makefile:
#  Implicit rule search has been done.
#  Last modified 2021-09-17 14:51:21.232012
#  File has been updated.
#  Successfully updated.

clean:
#  Implicit rule search has not been done.
#  Modification time never checked.
#  File has not been updated.
#  recipe to execute (from 'Makefile', line 17):
	 rm -rf *.o *.elf

my.elf: main.o stm32f407xx_gpio_driver.o stm32_startup.o
#  Implicit rule search has not been done.
#  Last modified 2021-09-18 00:00:27.1904065
#  File has been updated.
#  Successfully updated.
#  recipe to execute (from 'Makefile', line 14):
	$(CC) $(LDFLAGS) -o $@ $^

# Not a target:
.DEFAULT:
#  Implicit rule search has not been done.
#  Modification time never checked.
#  File has not been updated.

all: main.o stm32f407xx_gpio_driver.o stm32_startup.o my.elf
#  Command line target.
#  Implicit rule search has been done.
#  File does not exist.
#  File has been updated.
#  Successfully updated.

stm32_startup.o: stm32_startup.c
#  Implicit rule search has not been done.
#  Last modified 2021-09-18 00:00:27.0376448
#  File has been updated.
#  Successfully updated.
#  recipe to execute (from 'Makefile', line 12):
	$(CC) $(CFLAGS) -o $@ $^

# Not a target:
main.c:
#  Implicit rule search has been done.
#  Last modified 2021-09-17 23:00:11.9442492
#  File has been updated.
#  Successfully updated.

main.o: main.c
#  Implicit rule search has not been done.
#  Last modified 2021-09-18 00:00:26.5969787
#  File has been updated.
#  Successfully updated.
#  recipe to execute (from 'Makefile', line 8):
	$(CC) $(CFLAGS) -o $@ $^

# Not a target:
stm32_startup.c:
#  Implicit rule search has been done.
#  Last modified 2021-09-17 14:26:24.0897361
#  File has been updated.
#  Successfully updated.

# Not a target:
stm32f407xx_gpio_driver.c:
#  Implicit rule search has been done.
#  Last modified 2021-09-17 23:56:12.4950151
#  File has been updated.
#  Successfully updated.
 

 
# files hash-table stats:
# Load=12/1024=1%, Rehash=0, Collisions=0/37=0%
# VPATH Search Paths

# No 'vpath' search paths.

# No general ('VPATH' variable) search path.

# strcache buffers: 1 (0) / strings = 20 / storage = 226 B / avg = 11 B
# current buf: size = 8162 B / used = 226 B / count = 20 / avg = 11 B

# strcache performance: lookups = 45 / hit rate = 55%
# hash-table stats:
# Load=20/8192=0%, Rehash=0, Collisions=0/45=0%
# Finished Make data base on Sat Sep 18 19:11:10 2021

 
